{
  "RSpec": {
    "coverage": {
      "/csce431/csce431_lab_-AngelHam/csce431-sprints-stronger-educator/spec/integration_spec_helper.rb": {
        "lines": [
          1,
          1,
          null,
          null,
          0,
          null,
          null
        ]
      },
      "/csce431/csce431_lab_-AngelHam/csce431-sprints-stronger-educator/spec/models/campus_spec.rb": {
        "lines": [
          1,
          null,
          1,
          1,
          1,
          0,
          0,
          null,
          null,
          1,
          0,
          0,
          null,
          null,
          1,
          0,
          0,
          null,
          null,
          null
        ]
      },
      "/csce431/csce431_lab_-AngelHam/csce431-sprints-stronger-educator/app/models/campus.rb": {
        "lines": [
          1,
          1,
          null,
          1,
          1,
          1,
          null,
          null
        ]
      },
      "/csce431/csce431_lab_-AngelHam/csce431-sprints-stronger-educator/spec/models/data_import_spec.rb": {
        "lines": [
          null,
          null,
          null,
          null,
          null,
          null,
          null,
          null,
          null,
          null
        ]
      },
      "/csce431/csce431_lab_-AngelHam/csce431-sprints-stronger-educator/spec/models/district_spec.rb": {
        "lines": [
          1,
          null,
          1,
          1,
          1,
          0,
          0,
          null,
          null,
          1,
          0,
          0,
          null,
          null,
          null
        ]
      },
      "/csce431/csce431_lab_-AngelHam/csce431-sprints-stronger-educator/app/models/district.rb": {
        "lines": [
          1,
          1,
          null,
          1,
          1,
          null
        ]
      },
      "/csce431/csce431_lab_-AngelHam/csce431-sprints-stronger-educator/spec/models/user_spec.rb": {
        "lines": [
          1,
          null,
          1,
          1,
          1,
          0,
          null,
          null,
          null,
          1,
          1,
          0,
          0,
          null,
          null,
          1,
          0,
          0,
          null,
          null,
          1,
          0,
          0,
          null,
          null,
          1,
          0,
          0,
          null,
          null,
          null
        ]
      },
      "/csce431/csce431_lab_-AngelHam/csce431-sprints-stronger-educator/app/models/user.rb": {
        "lines": [
          1,
          1,
          null,
          1,
          0,
          0,
          0,
          null,
          0,
          null,
          null,
          null,
          1,
          1,
          1,
          1,
          null,
          1,
          null,
          1,
          0,
          null,
          null,
          1,
          0,
          null,
          null
        ]
      },
      "/csce431/csce431_lab_-AngelHam/csce431-sprints-stronger-educator/db/seeds.rb": {
        "lines": [
          null,
          null,
          null,
          null,
          null,
          null,
          null,
          null,
          1,
          null,
          1,
          1,
          1,
          1,
          1,
          null,
          null,
          0,
          null,
          null,
          null,
          null,
          0,
          0,
          0,
          0,
          0,
          null,
          null,
          0,
          null,
          null,
          0,
          null,
          null,
          null,
          0,
          0,
          0,
          0,
          0,
          0,
          0,
          0,
          0,
          0,
          0,
          0,
          null
        ]
      }
    },
    "timestamp": 1682089134
  }
}
